SF:/Users/matheusdias/Developer/intercepted_http/lib/src/http_interceptor.dart
DA:15,1
DA:18,1
DA:21,1
DA:28,1
DA:38,1
LF:5
LH:5
end_of_record
SF:/Users/matheusdias/Developer/intercepted_http/lib/src/http_exception.dart
DA:3,1
DA:17,3
DA:18,3
DA:19,3
DA:20,3
DA:22,1
DA:24,3
LF:7
LH:7
end_of_record
SF:/Users/matheusdias/Developer/intercepted_http/lib/src/intercepted_http.dart
DA:24,1
DA:31,1
DA:47,1
DA:49,1
DA:50,2
DA:52,1
DA:55,1
DA:59,1
DA:63,2
DA:64,1
DA:67,4
DA:68,1
DA:70,2
DA:71,1
DA:74,2
DA:75,2
DA:76,1
DA:79,2
DA:80,1
DA:81,1
DA:82,1
DA:83,1
DA:85,1
DA:92,2
DA:93,1
DA:97,1
DA:98,1
DA:99,1
DA:100,1
DA:101,2
DA:102,2
DA:107,1
DA:109,1
DA:111,2
DA:112,1
DA:119,2
DA:120,1
DA:128,1
DA:134,2
DA:135,1
DA:147,1
DA:148,1
DA:149,2
DA:150,1
DA:151,1
DA:152,1
DA:153,1
DA:154,1
DA:155,1
DA:156,1
DA:160,1
DA:162,1
DA:168,1
DA:170,1
DA:171,3
DA:176,1
DA:178,2
DA:179,1
LF:58
LH:58
end_of_record
SF:/Users/matheusdias/Developer/intercepted_http/lib/src/extensions/request_extension.dart
DA:5,1
DA:6,3
DA:7,2
DA:8,2
DA:9,2
DA:10,2
DA:11,2
DA:12,3
LF:8
LH:8
end_of_record
